<?xml version="1.0" encoding="utf-8"?><testsuites name="pytest tests"><testsuite name="pytest" errors="0" failures="4" skipped="0" tests="17" time="4.429" timestamp="2026-03-31T13:12:57.413838+00:00" hostname="agent-env-c4afc4a6-5c33-4c06-9287-83d33aac09ff"><testcase classname="backend.tests.test_housekeeping_module.TestAuth" name="test_login_success" time="0.484" /><testcase classname="backend.tests.test_housekeeping_module.TestReportsAPI" name="test_get_reports_list" time="0.476" /><testcase classname="backend.tests.test_housekeeping_module.TestReportsAPI" name="test_get_reports_stats" time="0.137" /><testcase classname="backend.tests.test_housekeeping_module.TestReportsAPI" name="test_create_report" time="0.147"><failure message="AssertionError: Failed to create report: 500 - {&quot;statusCode&quot;:500,&quot;message&quot;:&quot;Internal server error&quot;}&#10;assert 500 in [200, 201]&#10; +  where 500 = &lt;Response [500]&gt;.status_code">backend/tests/test_housekeeping_module.py:105: in test_create_report
    assert response.status_code in [200, 201], f"Failed to create report: {response.status_code} - {response.text}"
E   AssertionError: Failed to create report: 500 - {"statusCode":500,"message":"Internal server error"}
E   assert 500 in [200, 201]
E    +  where 500 = &lt;Response [500]&gt;.status_code</failure></testcase><testcase classname="backend.tests.test_housekeeping_module.TestReportsAPI" name="test_get_reports_by_room" time="0.169" /><testcase classname="backend.tests.test_housekeeping_module.TestFoundItemsAPI" name="test_get_found_items_list" time="0.468" /><testcase classname="backend.tests.test_housekeeping_module.TestFoundItemsAPI" name="test_get_found_items_stats" time="0.169" /><testcase classname="backend.tests.test_housekeeping_module.TestFoundItemsAPI" name="test_create_found_item" time="0.150"><failure message="AssertionError: Failed to create found item: 500 - {&quot;statusCode&quot;:500,&quot;message&quot;:&quot;Internal server error&quot;}&#10;assert 500 in [200, 201]&#10; +  where 500 = &lt;Response [500]&gt;.status_code">backend/tests/test_housekeeping_module.py:181: in test_create_found_item
    assert response.status_code in [200, 201], f"Failed to create found item: {response.status_code} - {response.text}"
E   AssertionError: Failed to create found item: 500 - {"statusCode":500,"message":"Internal server error"}
E   assert 500 in [200, 201]
E    +  where 500 = &lt;Response [500]&gt;.status_code</failure></testcase><testcase classname="backend.tests.test_housekeeping_module.TestFoundItemsAPI" name="test_get_found_items_by_room" time="0.151" /><testcase classname="backend.tests.test_housekeeping_module.TestFoundItemsAPI" name="test_search_found_items" time="0.137" /><testcase classname="backend.tests.test_housekeeping_module.TestCategoriesAPI" name="test_get_all_categories" time="0.456" /><testcase classname="backend.tests.test_housekeeping_module.TestCategoriesAPI" name="test_get_report_categories" time="0.141" /><testcase classname="backend.tests.test_housekeeping_module.TestCategoriesAPI" name="test_get_found_item_categories" time="0.134" /><testcase classname="backend.tests.test_housekeeping_module.TestCategoriesAPI" name="test_create_category" time="0.147" /><testcase classname="backend.tests.test_housekeeping_module.TestCategoriesAPI" name="test_update_category" time="0.292" /><testcase classname="backend.tests.test_housekeeping_module.TestAPIIntegration" name="test_full_report_workflow" time="0.509"><failure message="AssertionError: Create failed: {&quot;statusCode&quot;:500,&quot;message&quot;:&quot;Internal server error&quot;}&#10;assert 500 in [200, 201]&#10; +  where 500 = &lt;Response [500]&gt;.status_code">backend/tests/test_housekeeping_module.py:354: in test_full_report_workflow
    assert create_response.status_code in [200, 201], f"Create failed: {create_response.text}"
E   AssertionError: Create failed: {"statusCode":500,"message":"Internal server error"}
E   assert 500 in [200, 201]
E    +  where 500 = &lt;Response [500]&gt;.status_code</failure></testcase><testcase classname="backend.tests.test_housekeeping_module.TestAPIIntegration" name="test_full_found_item_workflow" time="0.141"><failure message="AssertionError: Create failed: {&quot;statusCode&quot;:500,&quot;message&quot;:&quot;Internal server error&quot;}&#10;assert 500 in [200, 201]&#10; +  where 500 = &lt;Response [500]&gt;.status_code">backend/tests/test_housekeeping_module.py:417: in test_full_found_item_workflow
    assert create_response.status_code in [200, 201], f"Create failed: {create_response.text}"
E   AssertionError: Create failed: {"statusCode":500,"message":"Internal server error"}
E   assert 500 in [200, 201]
E    +  where 500 = &lt;Response [500]&gt;.status_code</failure></testcase></testsuite></testsuites>