<?xml version="1.0" encoding="utf-8"?><testsuites name="pytest tests"><testsuite name="pytest" errors="0" failures="0" skipped="0" tests="13" time="3.934" timestamp="2026-03-31T05:22:40.174155+00:00" hostname="agent-env-c4afc4a6-5c33-4c06-9287-83d33aac09ff"><testcase classname="backend.tests.test_housekeeping_v2.TestAuth" name="test_login_success" time="0.718" /><testcase classname="backend.tests.test_housekeeping_v2.TestAuth" name="test_login_invalid_credentials" time="0.378" /><testcase classname="backend.tests.test_housekeeping_v2.TestHousekeepingStats" name="test_get_stats_success" time="0.129" /><testcase classname="backend.tests.test_housekeeping_v2.TestHousekeepingRooms" name="test_get_rooms_success" time="0.405" /><testcase classname="backend.tests.test_housekeeping_v2.TestHousekeepingRooms" name="test_get_rooms_by_floor" time="0.127" /><testcase classname="backend.tests.test_housekeeping_v2.TestHousekeepingStaff" name="test_get_staff_success" time="0.817" /><testcase classname="backend.tests.test_housekeeping_v2.TestHousekeepingStaff" name="test_get_femmes_de_chambre" time="0.163" /><testcase classname="backend.tests.test_housekeeping_v2.TestHousekeepingTasks" name="test_get_tasks_success" time="0.147" /><testcase classname="backend.tests.test_housekeeping_v2.TestHousekeepingSeed" name="test_seed_data_endpoint_exists" time="0.439" /><testcase classname="backend.tests.test_housekeeping_v2.TestProxyConfiguration" name="test_proxy_stats_endpoint" time="0.123" /><testcase classname="backend.tests.test_housekeeping_v2.TestProxyConfiguration" name="test_proxy_rooms_endpoint" time="0.129" /><testcase classname="backend.tests.test_housekeeping_v2.TestProxyConfiguration" name="test_proxy_staff_endpoint" time="0.130" /><testcase classname="backend.tests.test_housekeeping_v2.TestProxyConfiguration" name="test_proxy_tasks_endpoint" time="0.136" /></testsuite></testsuites>