<?xml version="1.0" encoding="utf-8"?><testsuites name="pytest tests"><testsuite name="pytest" errors="0" failures="0" skipped="0" tests="18" time="11.463" timestamp="2026-04-13T15:08:40.990185+00:00" hostname="agent-env-c4afc4a6-5c33-4c06-9287-83d33aac09ff"><testcase classname="backend.tests.test_payment_automation.TestPaymentStatusEndpoint" name="test_get_payment_status_valid_reservation" time="3.406" /><testcase classname="backend.tests.test_payment_automation.TestPaymentStatusEndpoint" name="test_get_payment_status_second_reservation" time="0.913" /><testcase classname="backend.tests.test_payment_automation.TestPaymentStatusEndpoint" name="test_get_payment_status_non_existent" time="0.424" /><testcase classname="backend.tests.test_payment_automation.TestSendPaymentLinkEndpoint" name="test_send_link_zero_amount_reservation" time="0.372" /><testcase classname="backend.tests.test_payment_automation.TestSendPaymentLinkEndpoint" name="test_send_link_marc_reservation" time="0.390" /><testcase classname="backend.tests.test_payment_automation.TestSendPaymentLinkEndpoint" name="test_send_link_first_night" time="0.389" /><testcase classname="backend.tests.test_payment_automation.TestSendPaymentLinkEndpoint" name="test_send_link_non_existent_reservation" time="0.439" /><testcase classname="backend.tests.test_payment_automation.TestSendPaymentLinkEndpoint" name="test_send_link_missing_fields" time="0.114" /><testcase classname="backend.tests.test_payment_automation.TestPreauthorizeEndpoint" name="test_preauthorize_first_night" time="0.358" /><testcase classname="backend.tests.test_payment_automation.TestPreauthorizeEndpoint" name="test_preauthorize_total" time="0.397" /><testcase classname="backend.tests.test_payment_automation.TestPreauthorizeEndpoint" name="test_preauthorize_non_existent_reservation" time="0.363" /><testcase classname="backend.tests.test_payment_automation.TestCapturePreauthEndpoint" name="test_capture_preauth_no_preauth" time="0.414" /><testcase classname="backend.tests.test_payment_automation.TestCapturePreauthEndpoint" name="test_capture_preauth_non_existent_reservation" time="0.351" /><testcase classname="backend.tests.test_payment_automation.TestCancelPreauthEndpoint" name="test_cancel_preauth_no_preauth" time="0.332" /><testcase classname="backend.tests.test_payment_automation.TestCancelPreauthEndpoint" name="test_cancel_preauth_non_existent_reservation" time="0.365" /><testcase classname="backend.tests.test_payment_automation.TestSendReminderEndpoint" name="test_send_reminder_no_link" time="0.825" /><testcase classname="backend.tests.test_payment_automation.TestSendReminderEndpoint" name="test_send_reminder_non_existent_reservation" time="0.339" /><testcase classname="backend.tests.test_payment_automation.TestProcessCronEndpoint" name="test_process_cron" time="1.182" /></testsuite></testsuites>