<?xml version="1.0" encoding="utf-8"?><testsuites name="pytest tests"><testsuite name="pytest" errors="0" failures="0" skipped="0" tests="17" time="1.701" timestamp="2026-03-24T11:01:03.583850+00:00" hostname="agent-env-c5f35ef0-76fa-438a-9665-c88c22372ac6"><testcase classname="backend.tests.test_recruitment.TestJobOffers" name="test_get_job_offers_list" time="0.506" /><testcase classname="backend.tests.test_recruitment.TestJobOffers" name="test_create_job_offer" time="0.078" /><testcase classname="backend.tests.test_recruitment.TestJobOffers" name="test_update_job_offer_publish" time="0.053" /><testcase classname="backend.tests.test_recruitment.TestJobOffers" name="test_get_job_offers_after_create" time="0.046" /><testcase classname="backend.tests.test_recruitment.TestAIGeneration" name="test_ai_generate_front_office" time="0.050" /><testcase classname="backend.tests.test_recruitment.TestAIGeneration" name="test_ai_generate_housekeeping" time="0.043" /><testcase classname="backend.tests.test_recruitment.TestAIGeneration" name="test_ai_generate_food_beverage" time="0.043" /><testcase classname="backend.tests.test_recruitment.TestAIGeneration" name="test_ai_generate_salary_by_contract_type" time="0.085" /><testcase classname="backend.tests.test_recruitment.TestCandidates" name="test_get_candidates_list" time="0.045" /><testcase classname="backend.tests.test_recruitment.TestCandidates" name="test_create_candidate" time="0.107" /><testcase classname="backend.tests.test_recruitment.TestCandidates" name="test_update_candidate_status" time="0.090" /><testcase classname="backend.tests.test_recruitment.TestCandidates" name="test_update_candidate_rating" time="0.087" /><testcase classname="backend.tests.test_recruitment.TestCandidates" name="test_update_candidate_rating_invalid" time="0.042" /><testcase classname="backend.tests.test_recruitment.TestCandidates" name="test_get_candidates_with_job_title" time="0.052" /><testcase classname="backend.tests.test_recruitment.TestPipelineStats" name="test_get_pipeline_stats" time="0.044" /><testcase classname="backend.tests.test_recruitment.TestCleanup" name="test_delete_candidate" time="0.048" /><testcase classname="backend.tests.test_recruitment.TestCleanup" name="test_delete_job_offer" time="0.043" /></testsuite></testsuites>