<?xml version="1.0" encoding="utf-8"?><testsuites name="pytest tests"><testsuite name="pytest" errors="0" failures="0" skipped="0" tests="17" time="4.887" timestamp="2026-03-24T12:48:39.380941+00:00" hostname="agent-env-c5f35ef0-76fa-438a-9665-c88c22372ac6"><testcase classname="backend.tests.test_superadmin_extended.TestInvoicesAPI" name="test_list_invoices" time="0.610" /><testcase classname="backend.tests.test_superadmin_extended.TestInvoicesAPI" name="test_list_invoices_with_hotel_filter" time="0.115" /><testcase classname="backend.tests.test_superadmin_extended.TestInvoicesAPI" name="test_list_invoices_with_status_filter" time="0.107" /><testcase classname="backend.tests.test_superadmin_extended.TestInvoicesAPI" name="test_generate_invoice" time="0.227" /><testcase classname="backend.tests.test_superadmin_extended.TestInvoicesAPI" name="test_get_invoice_pdf" time="0.236" /><testcase classname="backend.tests.test_superadmin_extended.TestSignatureAPI" name="test_signature_send_endpoint_exists" time="1.314" /><testcase classname="backend.tests.test_superadmin_extended.TestSignatureAPI" name="test_get_signature_requests" time="0.120" /><testcase classname="backend.tests.test_superadmin_extended.TestUsersAPI" name="test_list_hotel_users" time="0.104" /><testcase classname="backend.tests.test_superadmin_extended.TestUsersAPI" name="test_invite_user" time="0.263" /><testcase classname="backend.tests.test_superadmin_extended.TestUsersAPI" name="test_delete_user" time="0.242" /><testcase classname="backend.tests.test_superadmin_extended.TestHotelDetailAPI" name="test_get_hotel_detail" time="0.114" /><testcase classname="backend.tests.test_superadmin_extended.TestHotelDetailAPI" name="test_download_contract_pdf" time="0.120" /><testcase classname="backend.tests.test_superadmin_extended.TestHotelDetailAPI" name="test_download_sepa_mandate_pdf" time="0.110" /><testcase classname="backend.tests.test_superadmin_extended.TestSubscriptionsPageAPI" name="test_get_plans" time="0.113" /><testcase classname="backend.tests.test_superadmin_extended.TestSubscriptionsPageAPI" name="test_hotels_list_with_subscription_info" time="0.124" /><testcase classname="backend.tests.test_superadmin_extended.TestSubscriptionsPageAPI" name="test_create_subscription_with_all_options" time="0.332" /><testcase classname="backend.tests.test_superadmin_extended.TestSubscriptionsPageAPI" name="test_cancel_subscription" time="0.555" /></testsuite></testsuites>