<?xml version="1.0" encoding="utf-8"?><testsuites name="pytest tests"><testsuite name="pytest" errors="0" failures="0" skipped="0" tests="20" time="9.542" timestamp="2026-03-24T20:17:31.091025+00:00" hostname="agent-env-39199149-fde2-4f26-9133-8a07b7f366f0"><testcase classname="backend.tests.test_payroll_reporting.TestPayrollReportingModule" name="test_01_get_payroll_config" time="0.470" /><testcase classname="backend.tests.test_payroll_reporting.TestPayrollReportingModule" name="test_02_update_payroll_config" time="0.497" /><testcase classname="backend.tests.test_payroll_reporting.TestPayrollReportingModule" name="test_03_reset_config_to_default" time="0.488" /><testcase classname="backend.tests.test_payroll_reporting.TestPayrollReportingModule" name="test_04_ensure_test_employee_exists" time="0.441" /><testcase classname="backend.tests.test_payroll_reporting.TestPayrollReportingModule" name="test_05_preview_payroll_data" time="0.457" /><testcase classname="backend.tests.test_payroll_reporting.TestPayrollReportingModule" name="test_06_preview_with_different_month" time="0.459" /><testcase classname="backend.tests.test_payroll_reporting.TestPayrollReportingModule" name="test_07_generate_payroll_reports" time="0.464" /><testcase classname="backend.tests.test_payroll_reporting.TestPayrollReportingModule" name="test_08_list_generated_reports" time="0.449" /><testcase classname="backend.tests.test_payroll_reporting.TestPayrollReportingModule" name="test_09_list_reports_with_year_filter" time="0.516" /><testcase classname="backend.tests.test_payroll_reporting.TestPayrollReportingModule" name="test_10_download_global_pdf" time="0.463" /><testcase classname="backend.tests.test_payroll_reporting.TestPayrollReportingModule" name="test_11_download_excel" time="0.436" /><testcase classname="backend.tests.test_payroll_reporting.TestPayrollReportingModule" name="test_12_download_csv" time="0.467" /><testcase classname="backend.tests.test_payroll_reporting.TestPayrollReportingModule" name="test_13_download_invalid_file_type" time="0.436" /><testcase classname="backend.tests.test_payroll_reporting.TestPayrollReportingModule" name="test_14_download_nonexistent_report" time="0.473" /><testcase classname="backend.tests.test_payroll_reporting.TestPayrollReportingModule" name="test_15_send_email_mocked" time="0.470" /><testcase classname="backend.tests.test_payroll_reporting.TestPayrollReportingModule" name="test_16_send_email_without_recipients" time="0.499" /><testcase classname="backend.tests.test_payroll_reporting.TestPayrollReportingModule" name="test_17_get_email_logs" time="0.434" /><testcase classname="backend.tests.test_payroll_reporting.TestPayrollReportingModule" name="test_18_config_requires_auth" time="0.534" /><testcase classname="backend.tests.test_payroll_reporting.TestPayrollReportingModule" name="test_19_generate_requires_auth" time="0.513" /><testcase classname="backend.tests.test_payroll_reporting.TestPayrollReportingModule" name="test_20_get_report_detail" time="0.474" /></testsuite></testsuites>