<?xml version="1.0" encoding="utf-8"?><testsuites name="pytest tests"><testsuite name="pytest" errors="0" failures="0" skipped="0" tests="23" time="6.028" timestamp="2026-03-25T13:41:20.232168+00:00" hostname="agent-env-7bb2c28b-837a-49b2-9e06-f64c9bdbf880"><testcase classname="backend.tests.test_config_module.TestHotelProfile" name="test_get_hotel_profile" time="0.599" /><testcase classname="backend.tests.test_config_module.TestHotelProfile" name="test_update_hotel_profile" time="0.129" /><testcase classname="backend.tests.test_config_module.TestRoomTypes" name="test_get_room_types" time="0.353" /><testcase classname="backend.tests.test_config_module.TestRoomTypes" name="test_create_room_type" time="0.124" /><testcase classname="backend.tests.test_config_module.TestRoomTypes" name="test_get_single_room_type" time="0.275" /><testcase classname="backend.tests.test_config_module.TestRoomTypes" name="test_update_room_type" time="0.223" /><testcase classname="backend.tests.test_config_module.TestRooms" name="test_get_rooms" time="0.142" /><testcase classname="backend.tests.test_config_module.TestRooms" name="test_create_room" time="0.266" /><testcase classname="backend.tests.test_config_module.TestRooms" name="test_download_room_template" time="0.140" /><testcase classname="backend.tests.test_config_module.TestRatePlans" name="test_get_rate_plans" time="0.109" /><testcase classname="backend.tests.test_config_module.TestRatePlans" name="test_create_base_rate_plan" time="0.152" /><testcase classname="backend.tests.test_config_module.TestRatePlans" name="test_create_derived_rate_plan" time="0.317" /><testcase classname="backend.tests.test_config_module.TestCancellationPolicies" name="test_get_cancellation_policies" time="0.120" /><testcase classname="backend.tests.test_config_module.TestCancellationPolicies" name="test_create_cancellation_policy" time="0.151" /><testcase classname="backend.tests.test_config_module.TestPaymentPolicies" name="test_get_payment_policies" time="0.113" /><testcase classname="backend.tests.test_config_module.TestPaymentPolicies" name="test_create_payment_policy" time="0.125" /><testcase classname="backend.tests.test_config_module.TestConfigUsers" name="test_get_users" time="0.325" /><testcase classname="backend.tests.test_config_module.TestConfigUsers" name="test_get_available_roles" time="0.150" /><testcase classname="backend.tests.test_config_module.TestConfigUsers" name="test_create_user" time="0.416" /><testcase classname="backend.tests.test_config_module.TestAdvancedSettings" name="test_get_settings" time="0.114" /><testcase classname="backend.tests.test_config_module.TestAdvancedSettings" name="test_update_settings" time="0.128" /><testcase classname="backend.tests.test_config_module.TestAdvancedSettings" name="test_add_tax_rule" time="0.108" /><testcase classname="backend.tests.test_config_module.TestConfigurationSummary" name="test_get_summary" time="1.337" /></testsuite></testsuites>