<?xml version="1.0" encoding="utf-8"?><testsuites name="pytest tests"><testsuite name="pytest" errors="0" failures="0" skipped="0" tests="19" time="1.800" timestamp="2026-03-26T19:11:45.046156+00:00" hostname="agent-env-c4afc4a6-5c33-4c06-9287-83d33aac09ff"><testcase classname="tests.test_staff_pointage.TestPointageStats" name="test_get_stats_returns_200" time="0.627" /><testcase classname="tests.test_staff_pointage.TestPointageStats" name="test_stats_structure" time="0.058" /><testcase classname="tests.test_staff_pointage.TestPointageStats" name="test_stats_values_are_valid" time="0.047" /><testcase classname="tests.test_staff_pointage.TestPointageStats" name="test_stats_with_date_filter" time="0.053" /><testcase classname="tests.test_staff_pointage.TestQRCode" name="test_get_qr_code_returns_200" time="0.054" /><testcase classname="tests.test_staff_pointage.TestQRCode" name="test_qr_code_structure" time="0.052" /><testcase classname="tests.test_staff_pointage.TestQRCode" name="test_qr_code_url_format" time="0.054" /><testcase classname="tests.test_staff_pointage.TestPointagesList" name="test_get_pointages_returns_200" time="0.054" /><testcase classname="tests.test_staff_pointage.TestPointagesList" name="test_pointages_returns_list" time="0.054" /><testcase classname="tests.test_staff_pointage.TestPointagesList" name="test_pointages_with_date_filter" time="0.062" /><testcase classname="tests.test_staff_pointage.TestPointagesList" name="test_pointage_structure" time="0.052" /><testcase classname="tests.test_staff_pointage.TestManualPointage" name="test_manual_pointage_requires_employee" time="0.046" /><testcase classname="tests.test_staff_pointage.TestManualPointage" name="test_manual_pointage_requires_reason" time="0.098" /><testcase classname="tests.test_staff_pointage.TestManualPointage" name="test_manual_pointage_creates_successfully" time="0.160" /><testcase classname="tests.test_staff_pointage.TestEmployeesList" name="test_get_employees_returns_200" time="0.046" /><testcase classname="tests.test_staff_pointage.TestEmployeesList" name="test_employees_returns_list" time="0.045" /><testcase classname="tests.test_staff_pointage.TestEmployeesList" name="test_employee_structure" time="0.059" /><testcase classname="tests.test_staff_pointage.TestPointageConfig" name="test_get_config_returns_200" time="0.050" /><testcase classname="tests.test_staff_pointage.TestPointageConfig" name="test_config_structure" time="0.050" /></testsuite></testsuites>