<?xml version="1.0" encoding="utf-8"?><testsuites name="pytest tests"><testsuite name="pytest" errors="0" failures="0" skipped="0" tests="24" time="7.986" timestamp="2026-03-24T11:49:04.113682+00:00" hostname="agent-env-c5f35ef0-76fa-438a-9665-c88c22372ac6"><testcase classname="backend.tests.test_superadmin.TestSuperAdminAuth" name="test_superadmin_login_success" time="0.469" /><testcase classname="backend.tests.test_superadmin.TestSuperAdminAuth" name="test_superadmin_login_invalid_credentials" time="0.324" /><testcase classname="backend.tests.test_superadmin.TestSuperAdminDashboard" name="test_dashboard_returns_stats" time="0.448" /><testcase classname="backend.tests.test_superadmin.TestSuperAdminDashboard" name="test_dashboard_requires_auth" time="0.135" /><testcase classname="backend.tests.test_superadmin.TestSuperAdminPlans" name="test_get_subscription_plans" time="0.420" /><testcase classname="backend.tests.test_superadmin.TestSuperAdminHotels" name="test_list_hotels" time="0.476" /><testcase classname="backend.tests.test_superadmin.TestSuperAdminHotels" name="test_create_hotel" time="0.105" /><testcase classname="backend.tests.test_superadmin.TestSuperAdminHotels" name="test_get_hotel_by_id" time="0.305" /><testcase classname="backend.tests.test_superadmin.TestSuperAdminHotels" name="test_update_hotel_status_suspend" time="0.424" /><testcase classname="backend.tests.test_superadmin.TestSuperAdminHotels" name="test_update_hotel_status_activate" time="0.399" /><testcase classname="backend.tests.test_superadmin.TestSuperAdminHotels" name="test_delete_hotel" time="0.216" /><testcase classname="backend.tests.test_superadmin.TestSuperAdminHotels" name="test_hotels_search_filter" time="0.097" /><testcase classname="backend.tests.test_superadmin.TestSuperAdminHotels" name="test_hotels_status_filter" time="0.123" /><testcase classname="backend.tests.test_superadmin.TestSuperAdminSubscriptions" name="test_create_subscription_with_trial" time="0.540" /><testcase classname="backend.tests.test_superadmin.TestSuperAdminSubscriptions" name="test_create_subscription_half_price_trial" time="0.311" /><testcase classname="backend.tests.test_superadmin.TestSuperAdminSubscriptions" name="test_get_subscription_by_hotel" time="0.203" /><testcase classname="backend.tests.test_superadmin.TestSuperAdminSEPA" name="test_create_sepa_mandate" time="0.536" /><testcase classname="backend.tests.test_superadmin.TestSuperAdminSEPA" name="test_get_sepa_mandates" time="0.265" /><testcase classname="backend.tests.test_superadmin.TestSuperAdminPDF" name="test_generate_contract_pdf" time="0.558" /><testcase classname="backend.tests.test_superadmin.TestSuperAdminPDF" name="test_generate_sepa_mandate_pdf" time="0.235" /><testcase classname="backend.tests.test_superadmin.TestSuperAdminLogs" name="test_get_activity_logs" time="0.482" /><testcase classname="backend.tests.test_superadmin.TestSuperAdminLogs" name="test_logs_filter_by_entity_type" time="0.100" /><testcase classname="backend.tests.test_superadmin.TestSuperAdminAccessControl" name="test_regular_user_cannot_access_superadmin" time="0.470" /><testcase classname="backend.tests.test_superadmin.TestSuperAdminAccessControl" name="test_unauthenticated_cannot_access_superadmin" time="0.104" /></testsuite></testsuites>