<?xml version="1.0" encoding="utf-8"?><testsuites name="pytest tests"><testsuite name="pytest" errors="0" failures="1" skipped="0" tests="21" time="8.092" timestamp="2026-03-26T23:16:21.726418+00:00" hostname="agent-env-c4afc4a6-5c33-4c06-9287-83d33aac09ff"><testcase classname="backend.tests.test_config_users.TestSystemRoles" name="test_get_roles_requires_auth" time="0.268" /><testcase classname="backend.tests.test_config_users.TestSystemRoles" name="test_get_all_roles" time="0.567" /><testcase classname="backend.tests.test_config_users.TestSystemRoles" name="test_desktop_roles_present" time="0.108" /><testcase classname="backend.tests.test_config_users.TestSystemRoles" name="test_mobile_roles_present" time="0.134" /><testcase classname="backend.tests.test_config_users.TestConfigUsersListing" name="test_get_users_requires_auth" time="0.111" /><testcase classname="backend.tests.test_config_users.TestConfigUsersListing" name="test_get_all_users" time="0.101" /><testcase classname="backend.tests.test_config_users.TestConfigUsersListing" name="test_filter_users_by_role" time="0.121" /><testcase classname="backend.tests.test_config_users.TestConfigUserCreation" name="test_create_user_requires_auth" time="0.119" /><testcase classname="backend.tests.test_config_users.TestConfigUserCreation" name="test_create_desktop_user" time="0.401" /><testcase classname="backend.tests.test_config_users.TestConfigUserCreation" name="test_create_mobile_user_housekeeper" time="0.342" /><testcase classname="backend.tests.test_config_users.TestConfigUserCreation" name="test_create_mobile_user_maintenance" time="0.351" /><testcase classname="backend.tests.test_config_users.TestConfigUserCreation" name="test_create_mobile_user_spa" time="0.360" /><testcase classname="backend.tests.test_config_users.TestConfigUserCreation" name="test_create_mobile_user_restaurant" time="0.339" /><testcase classname="backend.tests.test_config_users.TestConfigUserCreation" name="test_create_user_duplicate_email_fails" time="0.469" /><testcase classname="backend.tests.test_config_users.TestConfigUserCreation" name="test_create_user_invalid_role_fails" time="0.166" /><testcase classname="backend.tests.test_config_users.TestConfigUserUpdate" name="test_update_user" time="0.474" /><testcase classname="backend.tests.test_config_users.TestConfigUserUpdate" name="test_update_user_role_changes_mobile_flag" time="0.505" /><testcase classname="backend.tests.test_config_users.TestConfigUserDelete" name="test_delete_user_soft_delete" time="0.620" /><testcase classname="backend.tests.test_config_users.TestMobileUserLogin" name="test_login_with_existing_mobile_user" time="0.355" /><testcase classname="backend.tests.test_config_users.TestMobileUserLogin" name="test_login_with_newly_created_mobile_user" time="0.450"><failure message="AssertionError: Login failed: {&quot;detail&quot;:&quot;Email ou mot de passe incorrect&quot;}&#10;assert 401 == 200&#10; +  where 401 = &lt;Response [401]&gt;.status_code">backend/tests/test_config_users.py:537: in test_login_with_newly_created_mobile_user
    assert login_response.status_code == 200, f"Login failed: {login_response.text}"
E   AssertionError: Login failed: {"detail":"Email ou mot de passe incorrect"}
E   assert 401 == 200
E    +  where 401 = &lt;Response [401]&gt;.status_code</failure></testcase><testcase classname="backend.tests.test_config_users.TestCleanup" name="test_cleanup_test_users" time="1.601" /></testsuite></testsuites>