<?xml version="1.0" encoding="utf-8"?><testsuites name="pytest tests"><testsuite name="pytest" errors="0" failures="0" skipped="0" tests="8" time="13.293" timestamp="2026-03-27T10:36:16.859466+00:00" hostname="agent-env-c4afc4a6-5c33-4c06-9287-83d33aac09ff"><testcase classname="backend.tests.test_support_notifications.TestNotificationEndpoints" name="test_get_notifications" time="0.591" /><testcase classname="backend.tests.test_support_notifications.TestNotificationEndpoints" name="test_get_notifications_unread_only" time="0.062" /><testcase classname="backend.tests.test_support_notifications.TestNotificationEndpoints" name="test_get_unread_count" time="0.069" /><testcase classname="backend.tests.test_support_notifications.TestNotificationEndpoints" name="test_mark_all_as_read" time="0.156" /><testcase classname="backend.tests.test_support_notifications.TestAIAnalyzeWithNotification" name="test_ai_analyze_creates_notification" time="11.756" /><testcase classname="backend.tests.test_support_notifications.TestStatusChangeNotification" name="test_status_change_creates_notification" time="0.398" /><testcase classname="backend.tests.test_support_notifications.TestMarkSingleNotificationRead" name="test_mark_notification_read" time="0.126" /><testcase classname="backend.tests.test_support_notifications.TestNotificationTypes" name="test_notification_types_structure" time="0.069" /></testsuite></testsuites>