<?xml version="1.0" encoding="utf-8"?><testsuites name="pytest tests"><testsuite name="pytest" errors="0" failures="0" skipped="0" tests="17" time="3.171" timestamp="2026-03-26T22:48:38.618860+00:00" hostname="agent-env-c4afc4a6-5c33-4c06-9287-83d33aac09ff"><testcase classname="backend.tests.test_qrcodes_satisfaction.TestPublicSatisfactionSurvey" name="test_get_public_survey_french" time="0.490" /><testcase classname="backend.tests.test_qrcodes_satisfaction.TestPublicSatisfactionSurvey" name="test_get_public_survey_english" time="0.275" /><testcase classname="backend.tests.test_qrcodes_satisfaction.TestPublicSatisfactionSurvey" name="test_get_public_survey_all_9_languages" time="0.126" /><testcase classname="backend.tests.test_qrcodes_satisfaction.TestPublicSatisfactionSurvey" name="test_get_public_survey_invalid_token" time="0.114" /><testcase classname="backend.tests.test_qrcodes_satisfaction.TestPublicSatisfactionSurvey" name="test_submit_public_survey_satisfied" time="0.112" /><testcase classname="backend.tests.test_qrcodes_satisfaction.TestPublicSatisfactionSurvey" name="test_submit_public_survey_unsatisfied" time="0.130" /><testcase classname="backend.tests.test_qrcodes_satisfaction.TestPublicSatisfactionSurvey" name="test_submit_public_survey_zone_mismatch" time="0.112" /><testcase classname="backend.tests.test_qrcodes_satisfaction.TestQRZonesCRUD" name="test_list_qr_zones" time="0.117" /><testcase classname="backend.tests.test_qrcodes_satisfaction.TestQRZonesCRUD" name="test_create_qr_zone_room" time="0.158" /><testcase classname="backend.tests.test_qrcodes_satisfaction.TestQRZonesCRUD" name="test_create_qr_zone_restaurant" time="0.111" /><testcase classname="backend.tests.test_qrcodes_satisfaction.TestQRZonesCRUD" name="test_create_qr_zone_spa" time="0.131" /><testcase classname="backend.tests.test_qrcodes_satisfaction.TestQRZonesCRUD" name="test_list_zones_filter_by_type" time="0.134" /><testcase classname="backend.tests.test_qrcodes_satisfaction.TestQRZonesCRUD" name="test_qr_zones_requires_auth" time="0.107" /><testcase classname="backend.tests.test_qrcodes_satisfaction.TestSatisfactionConfig" name="test_get_satisfaction_config" time="0.104" /><testcase classname="backend.tests.test_qrcodes_satisfaction.TestSatisfactionConfig" name="test_get_satisfaction_stats" time="0.111" /><testcase classname="backend.tests.test_qrcodes_satisfaction.TestSatisfactionConfig" name="test_satisfaction_config_requires_auth" time="0.156" /><testcase classname="backend.tests.test_qrcodes_satisfaction.TestSatisfactionConfig" name="test_satisfaction_stats_requires_auth" time="0.599" /></testsuite></testsuites>