<?xml version="1.0" encoding="utf-8"?><testsuites name="pytest tests"><testsuite name="pytest" errors="0" failures="0" skipped="0" tests="15" time="6.158" timestamp="2026-03-25T14:51:11.917812+00:00" hostname="agent-env-dc6bcc46-7930-401e-bee4-4d5a5974489a"><testcase classname="backend.tests.test_booking_engine_integration.TestBookingEngineConfig" name="test_booking_engine_config_returns_200" time="0.562" /><testcase classname="backend.tests.test_booking_engine_integration.TestBookingEngineConfig" name="test_booking_engine_config_has_room_types" time="0.403" /><testcase classname="backend.tests.test_booking_engine_integration.TestBookingEngineConfig" name="test_booking_engine_config_has_rate_plans" time="0.430" /><testcase classname="backend.tests.test_booking_engine_integration.TestBookingEngineConfig" name="test_booking_engine_config_has_pricing_matrix" time="0.404" /><testcase classname="backend.tests.test_booking_engine_integration.TestBookingEngineConfig" name="test_booking_engine_config_has_source" time="0.415" /><testcase classname="backend.tests.test_booking_engine_integration.TestBookingEngineAvailability" name="test_availability_returns_200" time="0.394" /><testcase classname="backend.tests.test_booking_engine_integration.TestBookingEngineAvailability" name="test_availability_has_room_types_with_pricing" time="0.393" /><testcase classname="backend.tests.test_booking_engine_integration.TestBookingEngineAvailability" name="test_availability_calculates_nights_correctly" time="0.411" /><testcase classname="backend.tests.test_booking_engine_integration.TestBookingEngineAvailability" name="test_availability_has_hotel_info" time="0.415" /><testcase classname="backend.tests.test_booking_engine_integration.TestBookingEngineAvailability" name="test_availability_has_rate_plans" time="0.388" /><testcase classname="backend.tests.test_booking_engine_integration.TestReservationWithConfigPricing" name="test_reservation_auto_calculates_price_from_config" time="0.511" /><testcase classname="backend.tests.test_booking_engine_integration.TestReservationWithConfigPricing" name="test_reservation_uses_provided_price_when_given" time="0.520" /><testcase classname="backend.tests.test_booking_engine_integration.TestReservationWithConfigPricing" name="test_reservation_with_nrf_rate_plan" time="0.574" /><testcase classname="backend.tests.test_booking_engine_integration.TestBookingEngineEndpointsNoAuth" name="test_booking_engine_config_no_auth" time="0.141" /><testcase classname="backend.tests.test_booking_engine_integration.TestBookingEngineEndpointsNoAuth" name="test_booking_engine_availability_no_auth" time="0.117" /></testsuite></testsuites>