<?xml version="1.0" encoding="utf-8"?><testsuites name="pytest tests"><testsuite name="pytest" errors="0" failures="0" skipped="0" tests="18" time="2.696" timestamp="2026-03-25T11:07:27.266779+00:00" hostname="agent-env-0a45ad45-51d4-4ca8-b71b-116966d8d3bf"><testcase classname="backend.tests.test_datahub.TestDataHubConnectors" name="test_list_available_connectors" time="0.307" /><testcase classname="backend.tests.test_datahub.TestDataHubConnectors" name="test_mews_connector_test" time="0.111" /><testcase classname="backend.tests.test_datahub.TestDataHubConnectors" name="test_booking_com_connector_test" time="0.133" /><testcase classname="backend.tests.test_datahub.TestDataHubConnectors" name="test_dedge_connector_test" time="0.144" /><testcase classname="backend.tests.test_datahub.TestDataHubConnectors" name="test_stripe_connector_test" time="0.160" /><testcase classname="backend.tests.test_datahub.TestDataHubConnectors" name="test_lighthouse_connector_test" time="0.107" /><testcase classname="backend.tests.test_datahub.TestDataHubSync" name="test_sync_mews_reservations" time="0.117" /><testcase classname="backend.tests.test_datahub.TestDataHubSync" name="test_sync_booking_com_reservations" time="0.116" /><testcase classname="backend.tests.test_datahub.TestDataHubSync" name="test_sync_dedge_reservations" time="0.144" /><testcase classname="backend.tests.test_datahub.TestDataHubReservations" name="test_list_reservations" time="0.113" /><testcase classname="backend.tests.test_datahub.TestDataHubReservations" name="test_list_reservations_with_pagination" time="0.162" /><testcase classname="backend.tests.test_datahub.TestDataHubReservations" name="test_get_single_reservation" time="0.216" /><testcase classname="backend.tests.test_datahub.TestDataHubStats" name="test_get_datahub_stats" time="0.104" /><testcase classname="backend.tests.test_datahub.TestDataHubMarketData" name="test_get_competitor_rates" time="0.103" /><testcase classname="backend.tests.test_datahub.TestDataHubMarketData" name="test_get_market_demand" time="0.146" /><testcase classname="backend.tests.test_datahub.TestDataHubMarketData" name="test_get_rate_parity" time="0.099" /><testcase classname="backend.tests.test_datahub.TestDataHubEvents" name="test_list_events" time="0.095" /><testcase classname="backend.tests.test_datahub.TestDataHubNormalization" name="test_reservation_normalization_quality" time="0.211" /></testsuite></testsuites>