<?xml version="1.0" encoding="utf-8"?><testsuites name="pytest tests"><testsuite name="pytest" errors="0" failures="0" skipped="0" tests="14" time="2.565" timestamp="2026-03-26T18:14:54.082553+00:00" hostname="agent-env-c4afc4a6-5c33-4c06-9287-83d33aac09ff"><testcase classname="backend.tests.test_flowboard_integrations.TestFlowboardAPI" name="test_get_flowboard_data" time="0.571" /><testcase classname="backend.tests.test_flowboard_integrations.TestFlowboardAPI" name="test_get_quick_actions" time="0.129" /><testcase classname="backend.tests.test_flowboard_integrations.TestFlowboardAPI" name="test_get_dashboard_layout" time="0.121" /><testcase classname="backend.tests.test_flowboard_integrations.TestFlowboardAPI" name="test_get_sync_status" time="0.201" /><testcase classname="backend.tests.test_flowboard_integrations.TestIntegrationsAPI" name="test_get_available_integrations" time="0.109" /><testcase classname="backend.tests.test_flowboard_integrations.TestIntegrationsAPI" name="test_get_integration_details" time="0.114" /><testcase classname="backend.tests.test_flowboard_integrations.TestIntegrationsAPI" name="test_get_hotel_integrations" time="0.123" /><testcase classname="backend.tests.test_flowboard_integrations.TestIntegrationsAPI" name="test_integration_not_found" time="0.119" /><testcase classname="backend.tests.test_flowboard_integrations.TestFlowboardKPIValidation" name="test_kpi_values_are_valid" time="0.192" /><testcase classname="backend.tests.test_flowboard_integrations.TestFlowboardKPIValidation" name="test_timeline_events_structure" time="0.161" /><testcase classname="backend.tests.test_flowboard_integrations.TestFlowboardKPIValidation" name="test_ai_suggestions_structure" time="0.130" /><testcase classname="backend.tests.test_flowboard_integrations.TestIntegrationsProviderDetails" name="test_mews_provider" time="0.152" /><testcase classname="backend.tests.test_flowboard_integrations.TestIntegrationsProviderDetails" name="test_medialog_provider" time="0.135" /><testcase classname="backend.tests.test_flowboard_integrations.TestIntegrationsProviderDetails" name="test_dedge_provider" time="0.217" /></testsuite></testsuites>