<?xml version="1.0" encoding="utf-8"?><testsuites name="pytest tests"><testsuite name="pytest" errors="0" failures="0" skipped="0" tests="28" time="3.846" timestamp="2026-03-25T14:14:49.413553+00:00" hostname="agent-env-7bb2c28b-837a-49b2-9e06-f64c9bdbf880"><testcase classname="backend.tests.test_config_integration.TestSharedConfigAPI" name="test_get_full_configuration" time="0.235" /><testcase classname="backend.tests.test_config_integration.TestSharedConfigAPI" name="test_get_room_types" time="0.221" /><testcase classname="backend.tests.test_config_integration.TestSharedConfigAPI" name="test_get_room_types_with_count" time="0.148" /><testcase classname="backend.tests.test_config_integration.TestSharedConfigAPI" name="test_get_room_type_mapping" time="0.125" /><testcase classname="backend.tests.test_config_integration.TestSharedConfigAPI" name="test_get_room_type_prices" time="0.114" /><testcase classname="backend.tests.test_config_integration.TestSharedConfigAPI" name="test_get_pricing_matrix" time="0.113" /><testcase classname="backend.tests.test_config_integration.TestSharedConfigAPI" name="test_get_rate_plans" time="0.173" /><testcase classname="backend.tests.test_config_integration.TestSharedConfigAPI" name="test_get_base_rate_plans" time="0.117" /><testcase classname="backend.tests.test_config_integration.TestSharedConfigAPI" name="test_get_hotel_profile" time="0.151" /><testcase classname="backend.tests.test_config_integration.TestSharedConfigAPI" name="test_get_hotel_timezone" time="0.114" /><testcase classname="backend.tests.test_config_integration.TestSharedConfigAPI" name="test_get_hotel_currency" time="0.111" /><testcase classname="backend.tests.test_config_integration.TestSharedConfigAPI" name="test_get_inventory_summary" time="0.108" /><testcase classname="backend.tests.test_config_integration.TestSharedConfigAPI" name="test_get_rms_data" time="0.129" /><testcase classname="backend.tests.test_config_integration.TestSharedConfigAPI" name="test_get_datahub_data" time="0.126" /><testcase classname="backend.tests.test_config_integration.TestRMSConfigIntegration" name="test_get_config_integration" time="0.118" /><testcase classname="backend.tests.test_config_integration.TestRMSConfigIntegration" name="test_sync_from_config" time="0.155" /><testcase classname="backend.tests.test_config_integration.TestRMSConfigIntegration" name="test_get_room_types_from_config" time="0.131" /><testcase classname="backend.tests.test_config_integration.TestDataHubConfigIntegration" name="test_get_config_integration" time="0.114" /><testcase classname="backend.tests.test_config_integration.TestDataHubConfigIntegration" name="test_get_pricing_for_distribution" time="0.101" /><testcase classname="backend.tests.test_config_integration.TestDataHubConfigIntegration" name="test_get_room_type_ota_mapping" time="0.130" /><testcase classname="backend.tests.test_config_integration.TestDataHubConfigIntegration" name="test_get_rate_plan_ota_mapping" time="0.148" /><testcase classname="backend.tests.test_config_integration.TestPricingMatrixDerivation" name="test_derived_rate_calculation" time="0.131" /><testcase classname="backend.tests.test_config_integration.TestCancellationAndPaymentPolicies" name="test_get_cancellation_policies" time="0.132" /><testcase classname="backend.tests.test_config_integration.TestCancellationAndPaymentPolicies" name="test_get_payment_policies" time="0.111" /><testcase classname="backend.tests.test_config_integration.TestCancellationAndPaymentPolicies" name="test_get_default_policies" time="0.113" /><testcase classname="backend.tests.test_config_integration.TestTaxesAndSettings" name="test_get_taxes" time="0.119" /><testcase classname="backend.tests.test_config_integration.TestTaxesAndSettings" name="test_get_advanced_settings" time="0.121" /><testcase classname="backend.tests.test_config_integration.TestTaxesAndSettings" name="test_calculate_price_with_tax" time="0.118" /></testsuite></testsuites>