<?xml version="1.0" encoding="utf-8"?><testsuites name="pytest tests"><testsuite name="pytest" errors="0" failures="0" skipped="0" tests="13" time="3.029" timestamp="2026-03-25T09:30:12.286351+00:00" hostname="agent-env-c4ff316a-acd5-4f2d-a02c-fe8238d746bb"><testcase classname="backend.tests.test_rms_module.TestRMSConfig" name="test_get_config_returns_default" time="0.146" /><testcase classname="backend.tests.test_rms_module.TestRMSKPIs" name="test_get_kpis_returns_data" time="0.103" /><testcase classname="backend.tests.test_rms_module.TestRMSStrategy" name="test_get_strategy_returns_4_strategies" time="0.103" /><testcase classname="backend.tests.test_rms_module.TestRMSStrategy" name="test_update_active_strategy" time="0.316" /><testcase classname="backend.tests.test_rms_module.TestRMSStrategy" name="test_update_autopilot_settings" time="0.322" /><testcase classname="backend.tests.test_rms_module.TestRMSWeights" name="test_get_weights_returns_factors" time="0.106" /><testcase classname="backend.tests.test_rms_module.TestRMSWeights" name="test_update_weights" time="0.425" /><testcase classname="backend.tests.test_rms_module.TestRMSWeights" name="test_weights_validation_sum_100" time="0.107" /><testcase classname="backend.tests.test_rms_module.TestRMSEngine" name="test_run_engine_generates_recommendations" time="0.165" /><testcase classname="backend.tests.test_rms_module.TestRMSRecommendations" name="test_get_recommendations" time="0.259" /><testcase classname="backend.tests.test_rms_module.TestRMSCalendar" name="test_get_calendar_returns_pricing_data" time="0.114" /><testcase classname="backend.tests.test_rms_module.TestRMSConnectors" name="test_get_connectors_status" time="0.097" /><testcase classname="backend.tests.test_rms_module.TestRMSIntegration" name="test_full_workflow" time="0.667" /></testsuite></testsuites>