<?xml version="1.0" encoding="utf-8"?><testsuites name="pytest tests"><testsuite name="pytest" errors="0" failures="0" skipped="1" tests="8" time="6.431" timestamp="2026-04-13T05:33:49.288142+00:00" hostname="agent-env-c4afc4a6-5c33-4c06-9287-83d33aac09ff"><testcase classname="backend.tests.test_pms_supabase.TestPMSDashboard" name="test_dashboard_returns_kpis" time="0.952" /><testcase classname="backend.tests.test_pms_supabase.TestPMSRooms" name="test_get_rooms_returns_list" time="0.645" /><testcase classname="backend.tests.test_pms_supabase.TestPMSReservations" name="test_get_reservations_returns_list" time="0.427" /><testcase classname="backend.tests.test_pms_supabase.TestPMSReservations" name="test_create_reservation" time="0.846" /><testcase classname="backend.tests.test_pms_supabase.TestPMSHousekeeping" name="test_get_housekeeping_tasks" time="0.564" /><testcase classname="backend.tests.test_pms_supabase.TestPMSGuests" name="test_get_guests_endpoint" time="0.668"><skipped type="pytest.skip" message="Guests table may not exist in Supabase schema">/app/backend/tests/test_pms_supabase.py:169: Guests table may not exist in Supabase schema</skipped></testcase><testcase classname="backend.tests.test_pms_supabase.TestPMSIntegration" name="test_dashboard_matches_rooms_count" time="0.985" /><testcase classname="backend.tests.test_pms_supabase.TestPMSIntegration" name="test_housekeeping_matches_rooms_count" time="1.280" /></testsuite></testsuites>