<?xml version="1.0" encoding="utf-8"?><testsuites name="pytest tests"><testsuite name="pytest" errors="0" failures="0" skipped="0" tests="16" time="3.278" timestamp="2026-03-31T10:56:14.117009+00:00" hostname="agent-env-c4afc4a6-5c33-4c06-9287-83d33aac09ff"><testcase classname="backend.tests.test_housekeeping_v2_iteration37.TestHousekeepingV2Stats" name="test_get_stats_returns_200" time="0.589" /><testcase classname="backend.tests.test_housekeeping_v2_iteration37.TestHousekeepingV2Stats" name="test_stats_contains_rooms_data" time="0.135" /><testcase classname="backend.tests.test_housekeeping_v2_iteration37.TestHousekeepingV2Stats" name="test_stats_contains_tasks_data" time="0.141" /><testcase classname="backend.tests.test_housekeeping_v2_iteration37.TestHousekeepingV2Stats" name="test_stats_contains_occupancy_rate" time="0.129" /><testcase classname="backend.tests.test_housekeeping_v2_iteration37.TestHousekeepingV2Tasks" name="test_get_tasks_returns_200" time="0.134" /><testcase classname="backend.tests.test_housekeeping_v2_iteration37.TestHousekeepingV2Tasks" name="test_tasks_have_required_fields" time="0.144" /><testcase classname="backend.tests.test_housekeeping_v2_iteration37.TestHousekeepingV2Tasks" name="test_start_task" time="0.310" /><testcase classname="backend.tests.test_housekeeping_v2_iteration37.TestHousekeepingV2Tasks" name="test_complete_task" time="0.295" /><testcase classname="backend.tests.test_housekeeping_v2_iteration37.TestHousekeepingV2Rooms" name="test_get_rooms_returns_200" time="0.154" /><testcase classname="backend.tests.test_housekeeping_v2_iteration37.TestHousekeepingV2Rooms" name="test_rooms_have_required_fields" time="0.157" /><testcase classname="backend.tests.test_housekeeping_v2_iteration37.TestHousekeepingV2Rooms" name="test_filter_rooms_by_floor" time="0.146" /><testcase classname="backend.tests.test_housekeeping_v2_iteration37.TestHousekeepingV2Staff" name="test_get_staff_returns_200" time="0.139" /><testcase classname="backend.tests.test_housekeeping_v2_iteration37.TestHousekeepingV2Staff" name="test_filter_staff_by_role" time="0.159" /><testcase classname="backend.tests.test_housekeeping_v2_iteration37.TestExcelImport" name="test_download_template_returns_200" time="0.185" /><testcase classname="backend.tests.test_housekeeping_v2_iteration37.TestExcelImport" name="test_template_has_correct_content_type" time="0.119" /><testcase classname="backend.tests.test_housekeeping_v2_iteration37.TestExcelImport" name="test_template_has_content_disposition" time="0.217" /></testsuite></testsuites>