<?xml version="1.0" encoding="utf-8"?><testsuites name="pytest tests"><testsuite name="pytest" errors="0" failures="0" skipped="0" tests="19" time="2.760" timestamp="2026-03-24T08:53:25.076974+00:00" hostname="agent-env-9a5a7fff-5a49-41fc-a5c1-99ed29e6bf64"><testcase classname="backend.tests.test_leave_holidays.TestAuthentication" name="test_register_or_login" time="0.468" /><testcase classname="backend.tests.test_leave_holidays.TestAuthentication" name="test_get_or_create_hotel" time="0.106" /><testcase classname="backend.tests.test_leave_holidays.TestLeaveConfiguration" name="test_get_leave_config" time="0.104" /><testcase classname="backend.tests.test_leave_holidays.TestLeaveConfiguration" name="test_update_leave_config" time="0.103" /><testcase classname="backend.tests.test_leave_holidays.TestEmployeeSetup" name="test_get_or_create_employee" time="0.100" /><testcase classname="backend.tests.test_leave_holidays.TestLeaveAccrual" name="test_run_monthly_accrual" time="0.107" /><testcase classname="backend.tests.test_leave_holidays.TestLeaveBalances" name="test_get_employee_leave_balance" time="0.095" /><testcase classname="backend.tests.test_leave_holidays.TestLeaveBalances" name="test_get_all_leave_balances" time="0.106" /><testcase classname="backend.tests.test_leave_holidays.TestLeaveRequests" name="test_create_leave_request" time="0.215" /><testcase classname="backend.tests.test_leave_holidays.TestLeaveRequests" name="test_get_leave_requests" time="0.109" /><testcase classname="backend.tests.test_leave_holidays.TestLeaveRequests" name="test_approve_leave_request" time="0.321" /><testcase classname="backend.tests.test_leave_holidays.TestPublicHolidays" name="test_initialize_french_holidays" time="0.105" /><testcase classname="backend.tests.test_leave_holidays.TestPublicHolidays" name="test_get_public_holidays" time="0.132" /><testcase classname="backend.tests.test_leave_holidays.TestPublicHolidays" name="test_create_custom_holiday" time="0.103" /><testcase classname="backend.tests.test_leave_holidays.TestStaffPlanningSummary" name="test_get_planning_summary" time="0.112" /><testcase classname="backend.tests.test_leave_holidays.TestLeaveTransactions" name="test_get_leave_transactions" time="0.110" /><testcase classname="backend.tests.test_leave_holidays.TestEdgeCases" name="test_get_balance_nonexistent_employee" time="0.103" /><testcase classname="backend.tests.test_leave_holidays.TestEdgeCases" name="test_approve_nonexistent_request" time="0.107" /><testcase classname="backend.tests.test_leave_holidays.TestEdgeCases" name="test_unauthorized_access" time="0.099" /></testsuite></testsuites>