<?xml version="1.0" encoding="utf-8"?><testsuites name="pytest tests"><testsuite name="pytest" errors="0" failures="1" skipped="0" tests="14" time="4.570" timestamp="2026-03-27T10:12:17.930747+00:00" hostname="agent-env-c4afc4a6-5c33-4c06-9287-83d33aac09ff"><testcase classname="backend.tests.test_support_module.TestSupportStats" name="test_global_support_stats" time="0.528" /><testcase classname="backend.tests.test_support_module.TestSupportStats" name="test_hotel_support_stats" time="0.477" /><testcase classname="backend.tests.test_support_module.TestTicketCRUD" name="test_create_ticket" time="0.115" /><testcase classname="backend.tests.test_support_module.TestTicketCRUD" name="test_get_hotel_tickets" time="0.060" /><testcase classname="backend.tests.test_support_module.TestTicketCRUD" name="test_get_tickets_with_filters" time="0.114" /><testcase classname="backend.tests.test_support_module.TestTicketCRUD" name="test_get_single_ticket" time="0.060" /><testcase classname="backend.tests.test_support_module.TestTicketCRUD" name="test_add_message_to_ticket" time="0.062" /><testcase classname="backend.tests.test_support_module.TestTicketCRUD" name="test_update_ticket_status" time="0.161" /><testcase classname="backend.tests.test_support_module.TestAIDiagnosis" name="test_ai_diagnose_issue" time="0.109"><failure message="assert 500 == 200&#10; +  where 500 = &lt;Response [500]&gt;.status_code">backend/tests/test_support_module.py:290: in test_ai_diagnose_issue
    assert response.status_code == 200
E   assert 500 == 200
E    +  where 500 = &lt;Response [500]&gt;.status_code</failure></testcase><testcase classname="backend.tests.test_support_module.TestAIDiagnosis" name="test_ai_analyze_ticket" time="2.501" /><testcase classname="backend.tests.test_support_module.TestKnowledgeBase" name="test_get_knowledge_articles" time="0.061" /><testcase classname="backend.tests.test_support_module.TestKnowledgeBase" name="test_get_knowledge_by_module" time="0.057" /><testcase classname="backend.tests.test_support_module.TestNotifications" name="test_get_notifications" time="0.059" /><testcase classname="backend.tests.test_support_module.TestNotifications" name="test_get_unread_notifications" time="0.100" /></testsuite></testsuites>