<?xml version="1.0" encoding="utf-8"?><testsuites name="pytest tests"><testsuite name="pytest" errors="0" failures="1" skipped="0" tests="17" time="2.598" timestamp="2026-03-31T14:59:07.067180+00:00" hostname="agent-env-c4afc4a6-5c33-4c06-9287-83d33aac09ff"><testcase classname="backend-nest.tests.test_report_workflow.TestReportWorkflowAPIs" name="test_01_get_reports_list" time="0.553" /><testcase classname="backend-nest.tests.test_report_workflow.TestReportWorkflowAPIs" name="test_02_get_reports_stats" time="0.076" /><testcase classname="backend-nest.tests.test_report_workflow.TestReportWorkflowAPIs" name="test_03_create_report" time="0.083" /><testcase classname="backend-nest.tests.test_report_workflow.TestReportWorkflowAPIs" name="test_04_get_report_by_id" time="0.076" /><testcase classname="backend-nest.tests.test_report_workflow.TestReportWorkflowAPIs" name="test_05_take_over_report" time="0.084" /><testcase classname="backend-nest.tests.test_report_workflow.TestReportWorkflowAPIs" name="test_06_verify_status_after_takeover" time="0.091" /><testcase classname="backend-nest.tests.test_report_workflow.TestReportWorkflowAPIs" name="test_07_add_comment" time="0.080" /><testcase classname="backend-nest.tests.test_report_workflow.TestReportWorkflowAPIs" name="test_08_add_second_comment" time="0.074" /><testcase classname="backend-nest.tests.test_report_workflow.TestReportWorkflowAPIs" name="test_09_add_invoice" time="0.080" /><testcase classname="backend-nest.tests.test_report_workflow.TestReportWorkflowAPIs" name="test_10_verify_invoice_persisted" time="0.077" /><testcase classname="backend-nest.tests.test_report_workflow.TestReportWorkflowAPIs" name="test_11_resolve_report" time="0.074" /><testcase classname="backend-nest.tests.test_report_workflow.TestReportWorkflowAPIs" name="test_12_verify_final_state" time="0.077" /><testcase classname="backend-nest.tests.test_report_workflow.TestReportWorkflowAPIs" name="test_13_stats_updated_after_workflow" time="0.085" /><testcase classname="backend-nest.tests.test_report_workflow.TestReportWorkflowEdgeCases" name="test_take_over_already_taken_report" time="0.311" /><testcase classname="backend-nest.tests.test_report_workflow.TestReportWorkflowEdgeCases" name="test_resolve_already_resolved_report" time="0.319" /><testcase classname="backend-nest.tests.test_report_workflow.TestReportWorkflowEdgeCases" name="test_get_nonexistent_report" time="0.076" /><testcase classname="backend-nest.tests.test_report_workflow.TestInvoiceWithoutURL" name="test_invoice_amount_only" time="0.305"><failure message="Failed: Invoice endpoint requires invoice_url but frontend only sends invoice_amount. Status: 201">backend-nest/tests/test_report_workflow.py:402: in test_invoice_amount_only
    pytest.fail(f"Invoice endpoint requires invoice_url but frontend only sends invoice_amount. Status: {invoice_response.status_code}")
E   Failed: Invoice endpoint requires invoice_url but frontend only sends invoice_amount. Status: 201</failure></testcase></testsuite></testsuites>