<?xml version="1.0" encoding="utf-8"?><testsuites name="pytest tests"><testsuite name="pytest" errors="0" failures="0" skipped="0" tests="22" time="25.384" timestamp="2026-03-30T20:13:15.849302+00:00" hostname="agent-env-c4afc4a6-5c33-4c06-9287-83d33aac09ff"><testcase classname="backend.tests.test_consignes_module.TestConsignesModule" name="test_get_consignes_stats" time="0.768" /><testcase classname="backend.tests.test_consignes_module.TestConsignesModule" name="test_create_consigne_basic" time="0.571" /><testcase classname="backend.tests.test_consignes_module.TestConsignesModule" name="test_create_consigne_with_room_and_client" time="0.635" /><testcase classname="backend.tests.test_consignes_module.TestConsignesModule" name="test_create_consigne_with_recurrence" time="0.554" /><testcase classname="backend.tests.test_consignes_module.TestConsignesModule" name="test_get_consignes_list" time="0.497" /><testcase classname="backend.tests.test_consignes_module.TestConsignesModule" name="test_get_consignes_with_filters" time="0.685" /><testcase classname="backend.tests.test_consignes_module.TestConsignesModule" name="test_get_single_consigne" time="0.695" /><testcase classname="backend.tests.test_consignes_module.TestConsignesModule" name="test_get_nonexistent_consigne" time="0.498" /><testcase classname="backend.tests.test_consignes_module.TestConsignesModule" name="test_update_consigne_status" time="0.728" /><testcase classname="backend.tests.test_consignes_module.TestConsignesModule" name="test_update_consigne_priority" time="0.850" /><testcase classname="backend.tests.test_consignes_module.TestConsignesModule" name="test_complete_consigne_workflow" time="0.811" /><testcase classname="backend.tests.test_consignes_module.TestConsignesModule" name="test_delete_consigne" time="0.630" /><testcase classname="backend.tests.test_consignes_module.TestConsignesModule" name="test_delete_nonexistent_consigne" time="0.489" /><testcase classname="backend.tests.test_consignes_module.TestConsignesModule" name="test_get_calendar_data" time="0.494" /><testcase classname="backend.tests.test_consignes_module.TestConsignesModule" name="test_calendar_shows_created_consigne" time="0.697" /><testcase classname="backend.tests.test_consignes_module.TestConsignesModule" name="test_ai_analyze_endpoint" time="8.003" /><testcase classname="backend.tests.test_consignes_module.TestConsignesModule" name="test_ai_suggest_endpoint" time="4.893" /><testcase classname="backend.tests.test_consignes_module.TestConsignesModule" name="test_trigger_checkin_consignes" time="0.532" /><testcase classname="backend.tests.test_consignes_module.TestConsignesModule" name="test_trigger_housekeeping_consignes" time="0.641" /><testcase classname="backend.tests.test_consignes_module.TestConsignesModule" name="test_create_consigne_missing_required_fields" time="0.555" /><testcase classname="backend.tests.test_consignes_module.TestConsignesModule" name="test_invalid_service_value" time="0.507" /><testcase classname="backend.tests.test_consignes_module.TestConsignesModule" name="test_invalid_priority_value" time="0.537" /></testsuite></testsuites>