<?xml version="1.0" encoding="utf-8"?><testsuites name="pytest tests"><testsuite name="pytest" errors="0" failures="0" skipped="0" tests="27" time="4.664" timestamp="2026-03-25T17:07:39.417687+00:00" hostname="agent-env-dc6bcc46-7930-401e-bee4-4d5a5974489a"><testcase classname="backend.tests.test_housekeeping.TestHousekeepingStats" name="test_get_stats_returns_200" time="0.790" /><testcase classname="backend.tests.test_housekeeping.TestHousekeepingStats" name="test_get_stats_structure" time="0.119" /><testcase classname="backend.tests.test_housekeeping.TestHousekeepingStats" name="test_get_stats_values_are_numeric" time="0.134" /><testcase classname="backend.tests.test_housekeeping.TestHousekeepingTasks" name="test_get_tasks_returns_200" time="0.139" /><testcase classname="backend.tests.test_housekeeping.TestHousekeepingTasks" name="test_get_tasks_returns_list" time="0.114" /><testcase classname="backend.tests.test_housekeeping.TestHousekeepingTasks" name="test_get_tasks_structure" time="0.099" /><testcase classname="backend.tests.test_housekeeping.TestHousekeepingTasks" name="test_get_tasks_with_status_filter" time="0.128" /><testcase classname="backend.tests.test_housekeeping.TestHousekeepingStaff" name="test_get_staff_returns_200" time="0.109" /><testcase classname="backend.tests.test_housekeeping.TestHousekeepingStaff" name="test_get_staff_returns_list" time="0.121" /><testcase classname="backend.tests.test_housekeeping.TestHousekeepingStaff" name="test_get_staff_structure" time="0.117" /><testcase classname="backend.tests.test_housekeeping.TestHousekeepingStaff" name="test_get_staff_with_role_filter" time="0.158" /><testcase classname="backend.tests.test_housekeeping.TestHousekeepingInspections" name="test_get_inspections_returns_200" time="0.116" /><testcase classname="backend.tests.test_housekeeping.TestHousekeepingInspections" name="test_get_inspections_returns_list" time="0.126" /><testcase classname="backend.tests.test_housekeeping.TestHousekeepingInspections" name="test_get_inspections_structure" time="0.126" /><testcase classname="backend.tests.test_housekeeping.TestHousekeepingMaintenance" name="test_get_maintenance_returns_200" time="0.125" /><testcase classname="backend.tests.test_housekeeping.TestHousekeepingMaintenance" name="test_get_maintenance_returns_list" time="0.142" /><testcase classname="backend.tests.test_housekeeping.TestHousekeepingMaintenance" name="test_get_maintenance_structure" time="0.120" /><testcase classname="backend.tests.test_housekeeping.TestHousekeepingBreakfast" name="test_get_breakfast_returns_200" time="0.126" /><testcase classname="backend.tests.test_housekeeping.TestHousekeepingBreakfast" name="test_get_breakfast_returns_list" time="0.125" /><testcase classname="backend.tests.test_housekeeping.TestHousekeepingBreakfast" name="test_get_breakfast_structure" time="0.106" /><testcase classname="backend.tests.test_housekeeping.TestTaskWorkflow" name="test_start_task" time="0.281" /><testcase classname="backend.tests.test_housekeeping.TestTaskWorkflow" name="test_complete_task" time="0.262" /><testcase classname="backend.tests.test_housekeeping.TestInspectionValidation" name="test_validate_inspection_approve" time="0.247" /><testcase classname="backend.tests.test_housekeeping.TestInspectionValidation" name="test_validate_inspection_refuse" time="0.245" /><testcase classname="backend.tests.test_housekeeping.TestErrorHandling" name="test_start_nonexistent_task" time="0.188" /><testcase classname="backend.tests.test_housekeeping.TestErrorHandling" name="test_complete_nonexistent_task" time="0.117" /><testcase classname="backend.tests.test_housekeeping.TestErrorHandling" name="test_validate_nonexistent_inspection" time="0.106" /></testsuite></testsuites>