<?xml version="1.0" encoding="utf-8"?><testsuites name="pytest tests"><testsuite name="pytest" errors="0" failures="0" skipped="0" tests="38" time="12.261" timestamp="2026-03-24T16:44:18.461551+00:00" hostname="agent-env-9a49c78a-728d-4d98-9261-75aa6222bdb9"><testcase classname="tests.test_crm.TestCRMAuth" name="test_crm_endpoints_require_auth" time="1.419" /><testcase classname="tests.test_crm.TestCRMClients" name="test_list_clients" time="0.470" /><testcase classname="tests.test_crm.TestCRMClients" name="test_list_clients_with_filters" time="0.114" /><testcase classname="tests.test_crm.TestCRMClients" name="test_create_client" time="0.260" /><testcase classname="tests.test_crm.TestCRMClients" name="test_create_client_duplicate_email" time="0.350" /><testcase classname="tests.test_crm.TestCRMClients" name="test_get_client" time="0.107" /><testcase classname="tests.test_crm.TestCRMClients" name="test_get_client_not_found" time="0.119" /><testcase classname="tests.test_crm.TestCRMClients" name="test_update_client" time="0.227" /><testcase classname="tests.test_crm.TestCRMClients" name="test_delete_client" time="0.480" /><testcase classname="tests.test_crm.TestCRMSegments" name="test_list_segments" time="0.450" /><testcase classname="tests.test_crm.TestCRMSegments" name="test_create_segment" time="0.229" /><testcase classname="tests.test_crm.TestCRMSegments" name="test_update_segment" time="0.241" /><testcase classname="tests.test_crm.TestCRMSegments" name="test_delete_segment" time="0.475" /><testcase classname="tests.test_crm.TestCRMCampaigns" name="test_list_campaigns" time="0.574" /><testcase classname="tests.test_crm.TestCRMCampaigns" name="test_list_campaigns_by_status" time="0.134" /><testcase classname="tests.test_crm.TestCRMCampaigns" name="test_create_campaign" time="0.201" /><testcase classname="tests.test_crm.TestCRMCampaigns" name="test_update_campaign" time="0.275" /><testcase classname="tests.test_crm.TestCRMCampaigns" name="test_launch_campaign" time="0.117" /><testcase classname="tests.test_crm.TestCRMCampaigns" name="test_launch_already_active_campaign" time="0.119" /><testcase classname="tests.test_crm.TestCRMWorkflows" name="test_list_workflows" time="0.449" /><testcase classname="tests.test_crm.TestCRMWorkflows" name="test_create_workflow" time="0.123" /><testcase classname="tests.test_crm.TestCRMWorkflows" name="test_update_workflow" time="0.213" /><testcase classname="tests.test_crm.TestCRMWorkflows" name="test_toggle_workflow" time="0.229" /><testcase classname="tests.test_crm.TestCRMConversations" name="test_list_conversations" time="0.497" /><testcase classname="tests.test_crm.TestCRMConversations" name="test_list_conversations_with_filters" time="0.115" /><testcase classname="tests.test_crm.TestCRMConversations" name="test_send_message" time="0.281" /><testcase classname="tests.test_crm.TestCRMConversations" name="test_send_message_invalid_client" time="0.240" /><testcase classname="tests.test_crm.TestCRMAutoReplies" name="test_list_auto_replies" time="0.442" /><testcase classname="tests.test_crm.TestCRMAutoReplies" name="test_create_auto_reply" time="0.247" /><testcase classname="tests.test_crm.TestCRMAutoReplies" name="test_delete_auto_reply" time="0.237" /><testcase classname="tests.test_crm.TestCRMAlerts" name="test_list_alerts" time="0.466" /><testcase classname="tests.test_crm.TestCRMAlerts" name="test_list_unread_alerts" time="0.151" /><testcase classname="tests.test_crm.TestCRMAlerts" name="test_create_alert" time="0.154" /><testcase classname="tests.test_crm.TestCRMAlerts" name="test_mark_alert_read" time="0.347" /><testcase classname="tests.test_crm.TestCRMAnalytics" name="test_get_analytics" time="0.528" /><testcase classname="tests.test_crm.TestCRMPMSIntegration" name="test_sync_from_pms" time="0.464" /><testcase classname="tests.test_crm.TestCRMPMSIntegration" name="test_get_client_by_email" time="0.368" /><testcase classname="tests.test_crm.TestCRMPMSIntegration" name="test_get_client_by_email_not_found" time="0.105" /></testsuite></testsuites>