<?xml version="1.0" encoding="utf-8"?><testsuites name="pytest tests"><testsuite name="pytest" errors="0" failures="0" skipped="0" tests="15" time="1.524" timestamp="2026-03-24T10:51:12.436870+00:00" hostname="agent-env-c5f35ef0-76fa-438a-9665-c88c22372ac6"><testcase classname="backend.tests.test_config_reporting.TestDepartments" name="test_get_departments" time="0.550" /><testcase classname="backend.tests.test_config_reporting.TestDepartments" name="test_create_department" time="0.052" /><testcase classname="backend.tests.test_config_reporting.TestDepartments" name="test_delete_department" time="0.046" /><testcase classname="backend.tests.test_config_reporting.TestShifts" name="test_get_shifts" time="0.047" /><testcase classname="backend.tests.test_config_reporting.TestShifts" name="test_create_shift" time="0.047" /><testcase classname="backend.tests.test_config_reporting.TestShifts" name="test_delete_shift" time="0.047" /><testcase classname="backend.tests.test_config_reporting.TestContractTemplates" name="test_get_contract_templates" time="0.048" /><testcase classname="backend.tests.test_config_reporting.TestRoles" name="test_get_roles" time="0.052" /><testcase classname="backend.tests.test_config_reporting.TestHRDocuments" name="test_get_hr_documents" time="0.047" /><testcase classname="backend.tests.test_config_reporting.TestHRDocuments" name="test_create_hr_document" time="0.044" /><testcase classname="backend.tests.test_config_reporting.TestHRDocuments" name="test_delete_hr_document" time="0.045" /><testcase classname="backend.tests.test_config_reporting.TestSettings" name="test_get_settings" time="0.050" /><testcase classname="backend.tests.test_config_reporting.TestSettings" name="test_update_settings" time="0.142" /><testcase classname="backend.tests.test_config_reporting.TestReporting" name="test_get_staff_analytics" time="0.050" /><testcase classname="backend.tests.test_config_reporting.TestReporting" name="test_get_staff_analytics_previous_month" time="0.047" /></testsuite></testsuites>