<?xml version="1.0" encoding="utf-8"?><testsuites name="pytest tests"><testsuite name="pytest" errors="0" failures="0" skipped="0" tests="15" time="19.759" timestamp="2026-03-24T15:06:50.889416+00:00" hostname="agent-env-31e41560-c6e7-47c6-9c0a-cde91d4fb3f0"><testcase classname="backend.tests.test_hotel_config.TestHotelConfigAPIs" name="test_get_hotel_config" time="0.890" /><testcase classname="backend.tests.test_hotel_config.TestHotelConfigAPIs" name="test_update_hotel_config" time="0.966" /><testcase classname="backend.tests.test_hotel_config.TestHotelConfigAPIs" name="test_create_room_type" time="0.885" /><testcase classname="backend.tests.test_hotel_config.TestHotelConfigAPIs" name="test_create_room_type_duplicate_code_rejected" time="1.034" /><testcase classname="backend.tests.test_hotel_config.TestHotelConfigAPIs" name="test_create_room" time="1.120" /><testcase classname="backend.tests.test_hotel_config.TestHotelConfigAPIs" name="test_create_room_invalid_type_rejected" time="0.814" /><testcase classname="backend.tests.test_hotel_config.TestHotelConfigAPIs" name="test_create_equipment" time="0.881" /><testcase classname="backend.tests.test_hotel_config.TestHotelConfigAPIs" name="test_create_service" time="0.885" /><testcase classname="backend.tests.test_hotel_config.TestHotelConfigAPIs" name="test_assign_subscription" time="0.917" /><testcase classname="backend.tests.test_hotel_config.TestHotelConfigAPIs" name="test_modify_subscription_upgrade" time="0.888" /><testcase classname="backend.tests.test_hotel_config.TestHotelConfigAPIs" name="test_modify_subscription_add_modules" time="0.939" /><testcase classname="backend.tests.test_hotel_config.TestHotelConfigAPIs" name="test_extend_trial" time="1.056" /><testcase classname="backend.tests.test_hotel_config.TestHotelConfigAPIs" name="test_get_hotel_modules" time="0.741" /><testcase classname="backend.tests.test_hotel_config.TestHotelConfigAPIs" name="test_get_config_nonexistent_hotel" time="0.750" /><testcase classname="backend.tests.test_hotel_config.TestHotelConfigAPIs" name="test_unauthorized_access" time="6.775" /></testsuite></testsuites>