<?xml version="1.0" encoding="utf-8"?><testsuites name="pytest tests"><testsuite name="pytest" errors="0" failures="0" skipped="0" tests="17" time="5.812" timestamp="2026-04-13T13:38:51.695419+00:00" hostname="agent-env-c4afc4a6-5c33-4c06-9287-83d33aac09ff"><testcase classname="backend.tests.test_stripe_connect.TestStripeConnectEndpoints" name="test_create_connect_account_success" time="0.609" /><testcase classname="backend.tests.test_stripe_connect.TestStripeConnectEndpoints" name="test_create_connect_account_missing_email" time="0.185" /><testcase classname="backend.tests.test_stripe_connect.TestStripeConnectEndpoints" name="test_create_account_link_invalid_account" time="0.177" /><testcase classname="backend.tests.test_stripe_connect.TestStripeConnectEndpoints" name="test_account_status_invalid_account" time="0.200" /><testcase classname="backend.tests.test_stripe_connect.TestStripeConnectEndpoints" name="test_create_product_invalid_account" time="0.202" /><testcase classname="backend.tests.test_stripe_connect.TestStripeConnectEndpoints" name="test_create_product_missing_fields" time="0.106" /><testcase classname="backend.tests.test_stripe_connect.TestStripeConnectEndpoints" name="test_list_products_invalid_account" time="0.136" /><testcase classname="backend.tests.test_stripe_connect.TestStripeConnectEndpoints" name="test_create_checkout_session_invalid_account" time="0.187" /><testcase classname="backend.tests.test_stripe_connect.TestStripeConnectEndpoints" name="test_quick_checkout_success" time="1.073" /><testcase classname="backend.tests.test_stripe_connect.TestStripeConnectEndpoints" name="test_quick_checkout_invalid_amount" time="0.118" /><testcase classname="backend.tests.test_stripe_connect.TestStripeConnectEndpoints" name="test_quick_checkout_negative_amount" time="0.122" /><testcase classname="backend.tests.test_stripe_connect.TestStripeConnectEndpoints" name="test_checkout_status_invalid_session" time="0.289" /><testcase classname="backend.tests.test_stripe_connect.TestStripeConnectEndpoints" name="test_hotel_stripe_info_success" time="0.649" /><testcase classname="backend.tests.test_stripe_connect.TestStripeConnectEndpoints" name="test_hotel_stripe_info_not_found" time="0.607" /><testcase classname="backend.tests.test_stripe_connect.TestStripeConnectEndpoints" name="test_webhook_receives_payload" time="0.611" /><testcase classname="backend.tests.test_stripe_connect.TestPaymentsEndpoints" name="test_payments_init_stripe" time="0.244" /><testcase classname="backend.tests.test_stripe_connect.TestPaymentsEndpoints" name="test_payments_create_link" time="0.241" /></testsuite></testsuites>