<?xml version="1.0" encoding="utf-8"?><testsuites name="pytest tests"><testsuite name="pytest" errors="0" failures="0" skipped="0" tests="9" time="1.815" timestamp="2026-04-12T20:31:46.249153+00:00" hostname="agent-env-c4afc4a6-5c33-4c06-9287-83d33aac09ff"><testcase classname="backend.tests.test_pms_integration.TestPMSEndpoints" name="test_pms_app_endpoint_returns_200" time="0.197" /><testcase classname="backend.tests.test_pms_integration.TestPMSEndpoints" name="test_pms_app_returns_html_content" time="0.177" /><testcase classname="backend.tests.test_pms_integration.TestPMSEndpoints" name="test_pms_app_has_iframe_detection" time="0.153" /><testcase classname="backend.tests.test_pms_integration.TestPMSEndpoints" name="test_pms_app_has_topbar_hide_css" time="0.188" /><testcase classname="backend.tests.test_pms_integration.TestPMSEndpoints" name="test_pms_plan3d_endpoint_returns_200" time="0.118" /><testcase classname="backend.tests.test_pms_integration.TestPMSEndpoints" name="test_pms_plan3d_returns_html_content" time="0.165" /><testcase classname="backend.tests.test_pms_integration.TestPMSEndpoints" name="test_pms_app_has_navigation_elements" time="0.516" /><testcase classname="backend.tests.test_pms_integration.TestPMSEndpointErrors" name="test_pms_app_method_not_allowed" time="0.117" /><testcase classname="backend.tests.test_pms_integration.TestPMSEndpointErrors" name="test_pms_plan3d_method_not_allowed" time="0.120" /></testsuite></testsuites>