<?xml version="1.0" encoding="utf-8"?><testsuites name="pytest tests"><testsuite name="pytest" errors="0" failures="0" skipped="0" tests="25" time="11.609" timestamp="2026-03-24T18:06:35.610796+00:00" hostname="agent-env-9a49c78a-728d-4d98-9261-75aa6222bdb9"><testcase classname="tests.test_channel_storage_sync.TestChannelConnections" name="test_list_connections_empty" time="0.696" /><testcase classname="tests.test_channel_storage_sync.TestChannelConnections" name="test_create_booking_connection" time="0.129" /><testcase classname="tests.test_channel_storage_sync.TestChannelConnections" name="test_create_expedia_connection" time="0.113" /><testcase classname="tests.test_channel_storage_sync.TestChannelConnections" name="test_create_airbnb_connection" time="0.113" /><testcase classname="tests.test_channel_storage_sync.TestChannelConnections" name="test_list_connections_after_create" time="0.116" /><testcase classname="tests.test_channel_storage_sync.TestChannelConnections" name="test_connection_requires_auth" time="0.127" /><testcase classname="tests.test_channel_storage_sync.TestChannelConnectionTest" name="test_test_connection" time="0.380" /><testcase classname="tests.test_channel_storage_sync.TestChannelInventory" name="test_get_inventory" time="0.116" /><testcase classname="tests.test_channel_storage_sync.TestChannelInventory" name="test_inventory_requires_dates" time="0.110" /><testcase classname="tests.test_channel_storage_sync.TestChannelRates" name="test_get_rates" time="0.117" /><testcase classname="tests.test_channel_storage_sync.TestChannelReservationsSync" name="test_sync_reservations" time="0.122" /><testcase classname="tests.test_channel_storage_sync.TestChannelReservationsSync" name="test_list_ota_reservations" time="0.116" /><testcase classname="tests.test_channel_storage_sync.TestRateShopper" name="test_get_rate_shopper_data" time="0.143" /><testcase classname="tests.test_channel_storage_sync.TestObjectStorageUpload" name="test_upload_pdf_employee_document" time="0.323" /><testcase classname="tests.test_channel_storage_sync.TestObjectStorageUpload" name="test_upload_jpg_employee_document" time="0.283" /><testcase classname="tests.test_channel_storage_sync.TestObjectStorageUpload" name="test_upload_png_employee_document" time="4.488" /><testcase classname="tests.test_channel_storage_sync.TestObjectStorageUpload" name="test_upload_invalid_file_type" time="0.149" /><testcase classname="tests.test_channel_storage_sync.TestObjectStorageUpload" name="test_upload_requires_auth" time="0.137" /><testcase classname="tests.test_channel_storage_sync.TestObjectStorageList" name="test_list_files" time="0.111" /><testcase classname="tests.test_channel_storage_sync.TestObjectStorageList" name="test_list_files_by_category" time="0.109" /><testcase classname="tests.test_channel_storage_sync.TestObjectStorageDownload" name="test_download_file" time="0.331" /><testcase classname="tests.test_channel_storage_sync.TestObjectStorageDownload" name="test_get_file_metadata" time="0.234" /><testcase classname="tests.test_channel_storage_sync.TestPMSCRMSync" name="test_create_reservation_syncs_to_crm" time="2.459" /><testcase classname="tests.test_channel_storage_sync.TestPMSCRMSync" name="test_crm_client_updated_on_reservation" time="0.117" /><testcase classname="tests.test_channel_storage_sync.TestCleanup" name="test_cleanup_test_connections" time="0.379" /></testsuite></testsuites>