<?xml version="1.0" encoding="utf-8"?><testsuites name="pytest tests"><testsuite name="pytest" errors="0" failures="0" skipped="0" tests="20" time="10.521" timestamp="2026-03-24T17:17:59.614664+00:00" hostname="agent-env-9a49c78a-728d-4d98-9261-75aa6222bdb9"><testcase classname="tests.test_advanced_analytics.TestAdvancedAnalytics" name="test_advanced_analytics_default_period" time="2.202" /><testcase classname="tests.test_advanced_analytics.TestAdvancedAnalytics" name="test_advanced_analytics_12m_period" time="0.438" /><testcase classname="tests.test_advanced_analytics.TestAdvancedAnalytics" name="test_advanced_analytics_custom_period" time="0.476" /><testcase classname="tests.test_advanced_analytics.TestAdvancedAnalytics" name="test_advanced_analytics_retention_cohorts_structure" time="0.446" /><testcase classname="tests.test_advanced_analytics.TestAdvancedAnalytics" name="test_advanced_analytics_ltv_structure" time="0.437" /><testcase classname="tests.test_advanced_analytics.TestAdvancedAnalytics" name="test_advanced_analytics_attrition_structure" time="0.402" /><testcase classname="tests.test_advanced_analytics.TestAdvancedAnalytics" name="test_advanced_analytics_requires_auth" time="0.476" /><testcase classname="tests.test_advanced_analytics.TestAdvancedAnalytics" name="test_attrition_analysis_endpoint" time="0.417" /><testcase classname="tests.test_advanced_analytics.TestAdvancedAnalytics" name="test_attrition_analysis_with_limit" time="0.432" /><testcase classname="tests.test_advanced_analytics.TestAdvancedAnalytics" name="test_attrition_analysis_requires_auth" time="0.548" /><testcase classname="tests.test_advanced_analytics.TestAdvancedAnalytics" name="test_retention_cohorts_endpoint" time="0.390" /><testcase classname="tests.test_advanced_analytics.TestAdvancedAnalytics" name="test_retention_cohorts_12m_period" time="0.398" /><testcase classname="tests.test_advanced_analytics.TestAdvancedAnalytics" name="test_retention_cohorts_requires_auth" time="0.465" /><testcase classname="tests.test_advanced_analytics.TestAdvancedAnalytics" name="test_ltv_analytics_endpoint" time="0.378" /><testcase classname="tests.test_advanced_analytics.TestAdvancedAnalytics" name="test_ltv_analytics_6m_period" time="0.432" /><testcase classname="tests.test_advanced_analytics.TestAdvancedAnalytics" name="test_ltv_analytics_requires_auth" time="0.453" /><testcase classname="tests.test_advanced_analytics.TestAdvancedAnalytics" name="test_ai_analysis_for_high_risk_clients" time="0.402" /><testcase classname="tests.test_advanced_analytics.TestAdvancedAnalyticsDataIntegrity" name="test_kpi_consistency" time="0.448" /><testcase classname="tests.test_advanced_analytics.TestAdvancedAnalyticsDataIntegrity" name="test_ltv_calculation_consistency" time="0.392" /><testcase classname="tests.test_advanced_analytics.TestAdvancedAnalyticsDataIntegrity" name="test_risk_score_bounds" time="0.397" /></testsuite></testsuites>