<?xml version="1.0" encoding="utf-8"?><testsuites name="pytest tests"><testsuite name="pytest" errors="0" failures="0" skipped="1" tests="12" time="8.646" timestamp="2026-03-24T14:00:46.123276+00:00" hostname="agent-env-31e41560-c6e7-47c6-9c0a-cde91d4fb3f0"><testcase classname="tests.test_catalog_lifecycle.TestCatalogModules" name="test_get_modules_returns_10_modules" time="0.646" /><testcase classname="tests.test_catalog_lifecycle.TestCatalogPlans" name="test_list_plans" time="0.486" /><testcase classname="tests.test_catalog_lifecycle.TestCatalogPlans" name="test_list_plans_include_inactive" time="0.517" /><testcase classname="tests.test_catalog_lifecycle.TestCatalogPlans" name="test_create_plan" time="0.643" /><testcase classname="tests.test_catalog_lifecycle.TestCatalogPlans" name="test_create_plan_duplicate_code_fails" time="0.887" /><testcase classname="tests.test_catalog_lifecycle.TestCatalogPlans" name="test_update_plan" time="0.783" /><testcase classname="tests.test_catalog_lifecycle.TestCatalogPlans" name="test_delete_plan" time="0.592" /><testcase classname="tests.test_catalog_lifecycle.TestSubscriptionLifecycle" name="test_list_subscriptions" time="0.527" /><testcase classname="tests.test_catalog_lifecycle.TestSubscriptionLifecycle" name="test_list_subscriptions_filter_by_status" time="0.692" /><testcase classname="tests.test_catalog_lifecycle.TestSubscriptionLifecycle" name="test_pause_and_reactivate_subscription" time="0.985" /><testcase classname="tests.test_catalog_lifecycle.TestSubscriptionLifecycle" name="test_pause_already_paused_fails" time="0.497"><skipped type="pytest.skip" message="No paused subscriptions to test">/app/backend/tests/test_catalog_lifecycle.py:351: No paused subscriptions to test</skipped></testcase><testcase classname="tests.test_catalog_lifecycle.TestDowngradeCheck" name="test_downgrade_check_endpoint_exists" time="1.170" /></testsuite></testsuites>